[2025-10-23T04:37:20.352+0000] {local_task_job_runner.py:120} INFO - ::group::Pre task execution logs
[2025-10-23T04:37:20.405+0000] {taskinstance.py:2076} INFO - Dependencies all met for dep_context=non-requeueable deps ti=<TaskInstance: pdf_etl_local.download manual__2025-10-23T04:37:17.779405+00:00 [queued]>
[2025-10-23T04:37:20.422+0000] {taskinstance.py:2076} INFO - Dependencies all met for dep_context=requeueable deps ti=<TaskInstance: pdf_etl_local.download manual__2025-10-23T04:37:17.779405+00:00 [queued]>
[2025-10-23T04:37:20.423+0000] {taskinstance.py:2306} INFO - Starting attempt 1 of 1
[2025-10-23T04:37:20.448+0000] {taskinstance.py:2330} INFO - Executing <Task(PythonOperator): download> on 2025-10-23 04:37:17.779405+00:00
[2025-10-23T04:37:20.464+0000] {standard_task_runner.py:90} INFO - Running: ['***', 'tasks', 'run', 'pdf_etl_local', 'download', 'manual__2025-10-23T04:37:17.779405+00:00', '--job-id', '61', '--raw', '--subdir', 'DAGS_FOLDER/pdf_etl_dag.py', '--cfg-path', '/tmp/tmps5gj2moj']
[2025-10-23T04:37:20.467+0000] {standard_task_runner.py:91} INFO - Job 61: Subtask download
[2025-10-23T04:37:20.469+0000] {logging_mixin.py:188} WARNING - /home/***/.local/lib/python3.12/site-packages/***/task/task_runner/standard_task_runner.py:61 DeprecationWarning: This process (pid=493) is multi-threaded, use of fork() may lead to deadlocks in the child.
[2025-10-23T04:37:20.470+0000] {standard_task_runner.py:63} INFO - Started process 495 to run task
[2025-10-23T04:37:20.528+0000] {task_command.py:426} INFO - Running <TaskInstance: pdf_etl_local.download manual__2025-10-23T04:37:17.779405+00:00 [running]> on host d5c539fb648f
[2025-10-23T04:37:20.632+0000] {taskinstance.py:2648} INFO - Exporting env vars: AIRFLOW_CTX_DAG_OWNER='local' AIRFLOW_CTX_DAG_ID='pdf_etl_local' AIRFLOW_CTX_TASK_ID='download' AIRFLOW_CTX_EXECUTION_DATE='2025-10-23T04:37:17.779405+00:00' AIRFLOW_CTX_TRY_NUMBER='1' AIRFLOW_CTX_DAG_RUN_ID='manual__2025-10-23T04:37:17.779405+00:00'
[2025-10-23T04:37:20.633+0000] {taskinstance.py:430} INFO - ::endgroup::
[2025-10-23T04:37:20.652+0000] {downloader.py:23} INFO - Downloading: https://arxiv.org/pdf/2107.02137.pdf
[2025-10-23T04:37:20.872+0000] {downloader.py:23} INFO - Downloading: https://arxiv.org/pdf/1706.03762.pdf
[2025-10-23T04:37:21.087+0000] {python.py:237} INFO - Done. Returned value was: ['/opt/***/data/raw/36356063541a576483e295cfb35120d8a97ac612.pdf', '/opt/***/data/raw/acad837e1ac979654de2497e802276d21e57e82c.pdf']
[2025-10-23T04:37:21.089+0000] {taskinstance.py:441} INFO - ::group::Post task execution logs
[2025-10-23T04:37:21.118+0000] {taskinstance.py:1206} INFO - Marking task as SUCCESS. dag_id=pdf_etl_local, task_id=download, run_id=manual__2025-10-23T04:37:17.779405+00:00, execution_date=20251023T043717, start_date=20251023T043720, end_date=20251023T043721
[2025-10-23T04:37:21.165+0000] {local_task_job_runner.py:240} INFO - Task exited with return code 0
[2025-10-23T04:37:21.198+0000] {taskinstance.py:3503} INFO - 0 downstream tasks scheduled from follow-on schedule check
[2025-10-23T04:37:21.199+0000] {local_task_job_runner.py:222} INFO - ::endgroup::
