[2025-10-23T04:47:50.647+0000] {local_task_job_runner.py:120} INFO - ::group::Pre task execution logs
[2025-10-23T04:47:50.712+0000] {taskinstance.py:2076} INFO - Dependencies all met for dep_context=non-requeueable deps ti=<TaskInstance: pdf_etl_local.chunk manual__2025-10-23T04:45:05+00:00 [queued]>
[2025-10-23T04:47:50.729+0000] {taskinstance.py:2076} INFO - Dependencies all met for dep_context=requeueable deps ti=<TaskInstance: pdf_etl_local.chunk manual__2025-10-23T04:45:05+00:00 [queued]>
[2025-10-23T04:47:50.729+0000] {taskinstance.py:2306} INFO - Starting attempt 1 of 1
[2025-10-23T04:47:50.750+0000] {taskinstance.py:2330} INFO - Executing <Task(PythonOperator): chunk> on 2025-10-23 04:45:05+00:00
[2025-10-23T04:47:50.766+0000] {standard_task_runner.py:90} INFO - Running: ['***', 'tasks', 'run', 'pdf_etl_local', 'chunk', 'manual__2025-10-23T04:45:05+00:00', '--job-id', '67', '--raw', '--subdir', 'DAGS_FOLDER/pdf_etl_dag.py', '--cfg-path', '/tmp/tmp91aymsp9']
[2025-10-23T04:47:50.769+0000] {standard_task_runner.py:91} INFO - Job 67: Subtask chunk
[2025-10-23T04:47:50.772+0000] {logging_mixin.py:188} WARNING - /home/***/.local/lib/python3.12/site-packages/***/task/task_runner/standard_task_runner.py:61 DeprecationWarning: This process (pid=269) is multi-threaded, use of fork() may lead to deadlocks in the child.
[2025-10-23T04:47:50.773+0000] {standard_task_runner.py:63} INFO - Started process 271 to run task
[2025-10-23T04:47:50.829+0000] {task_command.py:426} INFO - Running <TaskInstance: pdf_etl_local.chunk manual__2025-10-23T04:45:05+00:00 [running]> on host a1a3ce134b05
[2025-10-23T04:47:50.967+0000] {taskinstance.py:2648} INFO - Exporting env vars: AIRFLOW_CTX_DAG_OWNER='local' AIRFLOW_CTX_DAG_ID='pdf_etl_local' AIRFLOW_CTX_TASK_ID='chunk' AIRFLOW_CTX_EXECUTION_DATE='2025-10-23T04:45:05+00:00' AIRFLOW_CTX_TRY_NUMBER='1' AIRFLOW_CTX_DAG_RUN_ID='manual__2025-10-23T04:45:05+00:00'
[2025-10-23T04:47:50.969+0000] {taskinstance.py:430} INFO - ::endgroup::
[2025-10-23T04:47:53.962+0000] {chunker.py:35} INFO - Chunked /opt/***/data/raw/36356063541a576483e295cfb35120d8a97ac612.pdf -> /opt/***/data/chunks/36356063541a576483e295cfb35120d8a97ac612.parquet (117 chunks)
[2025-10-23T04:47:57.285+0000] {chunker.py:35} INFO - Chunked /opt/***/data/raw/acad837e1ac979654de2497e802276d21e57e82c.pdf -> /opt/***/data/chunks/acad837e1ac979654de2497e802276d21e57e82c.parquet (53 chunks)
[2025-10-23T04:47:57.285+0000] {python.py:237} INFO - Done. Returned value was: ['/opt/***/data/chunks/36356063541a576483e295cfb35120d8a97ac612.parquet', '/opt/***/data/chunks/acad837e1ac979654de2497e802276d21e57e82c.parquet']
[2025-10-23T04:47:57.286+0000] {taskinstance.py:441} INFO - ::group::Post task execution logs
[2025-10-23T04:47:57.331+0000] {taskinstance.py:1206} INFO - Marking task as SUCCESS. dag_id=pdf_etl_local, task_id=chunk, run_id=manual__2025-10-23T04:45:05+00:00, execution_date=20251023T044505, start_date=20251023T044750, end_date=20251023T044757
[2025-10-23T04:47:57.367+0000] {local_task_job_runner.py:240} INFO - Task exited with return code 0
[2025-10-23T04:47:57.398+0000] {taskinstance.py:3503} INFO - 1 downstream tasks scheduled from follow-on schedule check
[2025-10-23T04:47:57.400+0000] {local_task_job_runner.py:222} INFO - ::endgroup::
