[2025-10-23T04:49:45.971+0000] {local_task_job_runner.py:120} INFO - ::group::Pre task execution logs
[2025-10-23T04:49:46.015+0000] {taskinstance.py:2076} INFO - Dependencies all met for dep_context=non-requeueable deps ti=<TaskInstance: pdf_etl_local.embed manual__2025-10-23T04:49:19+00:00 [queued]>
[2025-10-23T04:49:46.030+0000] {taskinstance.py:2076} INFO - Dependencies all met for dep_context=requeueable deps ti=<TaskInstance: pdf_etl_local.embed manual__2025-10-23T04:49:19+00:00 [queued]>
[2025-10-23T04:49:46.031+0000] {taskinstance.py:2306} INFO - Starting attempt 1 of 1
[2025-10-23T04:49:46.049+0000] {taskinstance.py:2330} INFO - Executing <Task(PythonOperator): embed> on 2025-10-23 04:49:19+00:00
[2025-10-23T04:49:46.065+0000] {standard_task_runner.py:90} INFO - Running: ['***', 'tasks', 'run', 'pdf_etl_local', 'embed', 'manual__2025-10-23T04:49:19+00:00', '--job-id', '73', '--raw', '--subdir', 'DAGS_FOLDER/pdf_etl_dag.py', '--cfg-path', '/tmp/tmppsm5l3pa']
[2025-10-23T04:49:46.068+0000] {standard_task_runner.py:91} INFO - Job 73: Subtask embed
[2025-10-23T04:49:46.068+0000] {logging_mixin.py:188} WARNING - /home/***/.local/lib/python3.12/site-packages/***/task/task_runner/standard_task_runner.py:61 DeprecationWarning: This process (pid=260) is multi-threaded, use of fork() may lead to deadlocks in the child.
[2025-10-23T04:49:46.069+0000] {standard_task_runner.py:63} INFO - Started process 273 to run task
[2025-10-23T04:49:46.125+0000] {task_command.py:426} INFO - Running <TaskInstance: pdf_etl_local.embed manual__2025-10-23T04:49:19+00:00 [running]> on host a1a3ce134b05
[2025-10-23T04:49:46.240+0000] {taskinstance.py:2648} INFO - Exporting env vars: AIRFLOW_CTX_DAG_OWNER='local' AIRFLOW_CTX_DAG_ID='pdf_etl_local' AIRFLOW_CTX_TASK_ID='embed' AIRFLOW_CTX_EXECUTION_DATE='2025-10-23T04:49:19+00:00' AIRFLOW_CTX_TRY_NUMBER='1' AIRFLOW_CTX_DAG_RUN_ID='manual__2025-10-23T04:49:19+00:00'
[2025-10-23T04:49:46.242+0000] {taskinstance.py:430} INFO - ::endgroup::
[2025-10-23T04:49:46.688+0000] {logging_mixin.py:188} WARNING - Fetching 5 files:   0%|          | 0/5 [00:00<?, ?it/s]
[2025-10-23T04:49:46.688+0000] {logging_mixin.py:188} WARNING - Fetching 5 files: 100%|##########| 5/5 [00:00<00:00, 36345.79it/s]
[2025-10-23T04:50:20.919+0000] {embedder.py:25} INFO - Embedded /opt/***/data/chunks/36356063541a576483e295cfb35120d8a97ac612.parquet -> /opt/***/data/embeddings/36356063541a576483e295cfb35120d8a97ac612.parquet (117 rows)
[2025-10-23T04:50:21.127+0000] {logging_mixin.py:188} WARNING - Fetching 5 files:   0%|          | 0/5 [00:00<?, ?it/s]
[2025-10-23T04:50:21.128+0000] {logging_mixin.py:188} WARNING - Fetching 5 files: 100%|##########| 5/5 [00:00<00:00, 15330.06it/s]
[2025-10-23T04:50:31.793+0000] {embedder.py:25} INFO - Embedded /opt/***/data/chunks/acad837e1ac979654de2497e802276d21e57e82c.parquet -> /opt/***/data/embeddings/acad837e1ac979654de2497e802276d21e57e82c.parquet (53 rows)
[2025-10-23T04:50:31.813+0000] {python.py:237} INFO - Done. Returned value was: ['/opt/***/data/embeddings/36356063541a576483e295cfb35120d8a97ac612.parquet', '/opt/***/data/embeddings/acad837e1ac979654de2497e802276d21e57e82c.parquet']
[2025-10-23T04:50:31.814+0000] {taskinstance.py:441} INFO - ::group::Post task execution logs
[2025-10-23T04:50:31.849+0000] {taskinstance.py:1206} INFO - Marking task as SUCCESS. dag_id=pdf_etl_local, task_id=embed, run_id=manual__2025-10-23T04:49:19+00:00, execution_date=20251023T044919, start_date=20251023T044946, end_date=20251023T045031
[2025-10-23T04:50:31.901+0000] {local_task_job_runner.py:240} INFO - Task exited with return code 0
[2025-10-23T04:50:31.925+0000] {taskinstance.py:3503} INFO - 1 downstream tasks scheduled from follow-on schedule check
[2025-10-23T04:50:31.927+0000] {local_task_job_runner.py:222} INFO - ::endgroup::
