[2025-10-23T04:49:01.927+0000] {local_task_job_runner.py:120} INFO - ::group::Pre task execution logs
[2025-10-23T04:49:01.978+0000] {taskinstance.py:2076} INFO - Dependencies all met for dep_context=non-requeueable deps ti=<TaskInstance: pdf_etl_local.load_qdrant manual__2025-10-23T04:45:05+00:00 [queued]>
[2025-10-23T04:49:01.993+0000] {taskinstance.py:2076} INFO - Dependencies all met for dep_context=requeueable deps ti=<TaskInstance: pdf_etl_local.load_qdrant manual__2025-10-23T04:45:05+00:00 [queued]>
[2025-10-23T04:49:01.994+0000] {taskinstance.py:2306} INFO - Starting attempt 1 of 1
[2025-10-23T04:49:02.016+0000] {taskinstance.py:2330} INFO - Executing <Task(PythonOperator): load_qdrant> on 2025-10-23 04:45:05+00:00
[2025-10-23T04:49:02.032+0000] {standard_task_runner.py:90} INFO - Running: ['***', 'tasks', 'run', 'pdf_etl_local', 'load_qdrant', 'manual__2025-10-23T04:45:05+00:00', '--job-id', '69', '--raw', '--subdir', 'DAGS_FOLDER/pdf_etl_dag.py', '--cfg-path', '/tmp/tmpbwo_2b_0']
[2025-10-23T04:49:02.036+0000] {logging_mixin.py:188} WARNING - /home/***/.local/lib/python3.12/site-packages/***/task/task_runner/standard_task_runner.py:61 DeprecationWarning: This process (pid=348) is multi-threaded, use of fork() may lead to deadlocks in the child.
[2025-10-23T04:49:02.038+0000] {standard_task_runner.py:91} INFO - Job 69: Subtask load_qdrant
[2025-10-23T04:49:02.038+0000] {standard_task_runner.py:63} INFO - Started process 352 to run task
[2025-10-23T04:49:02.118+0000] {task_command.py:426} INFO - Running <TaskInstance: pdf_etl_local.load_qdrant manual__2025-10-23T04:45:05+00:00 [running]> on host a1a3ce134b05
[2025-10-23T04:49:02.308+0000] {taskinstance.py:2648} INFO - Exporting env vars: AIRFLOW_CTX_DAG_OWNER='local' AIRFLOW_CTX_DAG_ID='pdf_etl_local' AIRFLOW_CTX_TASK_ID='load_qdrant' AIRFLOW_CTX_EXECUTION_DATE='2025-10-23T04:45:05+00:00' AIRFLOW_CTX_TRY_NUMBER='1' AIRFLOW_CTX_DAG_RUN_ID='manual__2025-10-23T04:45:05+00:00'
[2025-10-23T04:49:02.310+0000] {taskinstance.py:430} INFO - ::endgroup::
[2025-10-23T04:49:02.314+0000] {local_task_job_runner.py:124} ERROR - Received SIGTERM. Terminating subprocesses
[2025-10-23T04:49:02.318+0000] {process_utils.py:132} INFO - Sending 15 to group 352. PIDs of all processes in the group: [352]
[2025-10-23T04:49:02.318+0000] {process_utils.py:87} INFO - Sending the signal 15 to group 352
[2025-10-23T04:49:02.319+0000] {taskinstance.py:2611} ERROR - Received SIGTERM. Terminating subprocesses.
[2025-10-23T04:49:02.319+0000] {taskinstance.py:441} INFO - ::group::Post task execution logs
[2025-10-23T04:49:02.340+0000] {taskinstance.py:2905} ERROR - Task failed with exception
Traceback (most recent call last):
  File "/home/airflow/.local/lib/python3.12/site-packages/airflow/models/taskinstance.py", line 465, in _execute_task
    result = _execute_callable(context=context, **execute_callable_kwargs)
             ^^^^^^^^^^^^^^^^^^^^^^^^^^^^^^^^^^^^^^^^^^^^^^^^^^^^^^^^^^^^^
  File "/home/airflow/.local/lib/python3.12/site-packages/airflow/models/taskinstance.py", line 432, in _execute_callable
    return execute_callable(context=context, **execute_callable_kwargs)
           ^^^^^^^^^^^^^^^^^^^^^^^^^^^^^^^^^^^^^^^^^^^^^^^^^^^^^^^^^^^^
  File "/home/airflow/.local/lib/python3.12/site-packages/airflow/models/baseoperator.py", line 392, in wrapper
    from airflow.decorators.base import DecoratedOperator
  File "/home/airflow/.local/lib/python3.12/site-packages/airflow/decorators/__init__.py", line 21, in <module>
    from airflow.decorators.base import TaskDecorator
  File "<frozen importlib._bootstrap>", line 1360, in _find_and_load
  File "<frozen importlib._bootstrap>", line 1331, in _find_and_load_unlocked
  File "<frozen importlib._bootstrap>", line 935, in _load_unlocked
  File "<frozen importlib._bootstrap_external>", line 991, in exec_module
  File "<frozen importlib._bootstrap_external>", line 1124, in get_code
  File "<frozen importlib._bootstrap_external>", line 753, in _compile_bytecode
  File "/home/airflow/.local/lib/python3.12/site-packages/airflow/models/taskinstance.py", line 2613, in signal_handler
    raise AirflowTaskTerminated("Task received SIGTERM signal")
airflow.exceptions.AirflowTaskTerminated: Task received SIGTERM signal
[2025-10-23T04:49:02.352+0000] {taskinstance.py:1206} INFO - Marking task as FAILED. dag_id=pdf_etl_local, task_id=load_qdrant, run_id=manual__2025-10-23T04:45:05+00:00, execution_date=20251023T044505, start_date=20251023T044901, end_date=20251023T044902
[2025-10-23T04:49:02.412+0000] {process_utils.py:80} INFO - Process psutil.Process(pid=352, status='terminated', exitcode=2, started='04:49:01') (352) terminated with exit code 2
[2025-10-23T04:49:02.412+0000] {local_task_job_runner.py:240} INFO - Task exited with return code 143
[2025-10-23T04:49:02.431+0000] {taskinstance.py:3503} INFO - 0 downstream tasks scheduled from follow-on schedule check
