[2025-10-22T22:06:01.060+0000] {local_task_job_runner.py:120} INFO - ::group::Pre task execution logs
[2025-10-22T22:06:01.107+0000] {taskinstance.py:2076} INFO - Dependencies all met for dep_context=non-requeueable deps ti=<TaskInstance: pdf_etl_local.embed manual__2025-10-22T22:05:52+00:00 [queued]>
[2025-10-22T22:06:01.116+0000] {taskinstance.py:2076} INFO - Dependencies all met for dep_context=requeueable deps ti=<TaskInstance: pdf_etl_local.embed manual__2025-10-22T22:05:52+00:00 [queued]>
[2025-10-22T22:06:01.116+0000] {taskinstance.py:2306} INFO - Starting attempt 1 of 1
[2025-10-22T22:06:01.130+0000] {taskinstance.py:2330} INFO - Executing <Task(PythonOperator): embed> on 2025-10-22 22:05:52+00:00
[2025-10-22T22:06:01.141+0000] {standard_task_runner.py:90} INFO - Running: ['***', 'tasks', 'run', 'pdf_etl_local', 'embed', 'manual__2025-10-22T22:05:52+00:00', '--job-id', '38', '--raw', '--subdir', 'DAGS_FOLDER/pdf_etl_dag.py', '--cfg-path', '/tmp/tmp1sghguwr']
[2025-10-22T22:06:01.144+0000] {logging_mixin.py:188} WARNING - /home/***/.local/lib/python3.12/site-packages/***/task/task_runner/standard_task_runner.py:61 DeprecationWarning: This process (pid=355) is multi-threaded, use of fork() may lead to deadlocks in the child.
[2025-10-22T22:06:01.144+0000] {standard_task_runner.py:63} INFO - Started process 357 to run task
[2025-10-22T22:06:01.144+0000] {standard_task_runner.py:91} INFO - Job 38: Subtask embed
[2025-10-22T22:06:01.194+0000] {task_command.py:426} INFO - Running <TaskInstance: pdf_etl_local.embed manual__2025-10-22T22:05:52+00:00 [running]> on host 7d74fe85b252
[2025-10-22T22:06:01.293+0000] {taskinstance.py:2648} INFO - Exporting env vars: AIRFLOW_CTX_DAG_OWNER='local' AIRFLOW_CTX_DAG_ID='pdf_etl_local' AIRFLOW_CTX_TASK_ID='embed' AIRFLOW_CTX_EXECUTION_DATE='2025-10-22T22:05:52+00:00' AIRFLOW_CTX_TRY_NUMBER='1' AIRFLOW_CTX_DAG_RUN_ID='manual__2025-10-22T22:05:52+00:00'
[2025-10-22T22:06:01.294+0000] {taskinstance.py:430} INFO - ::endgroup::
[2025-10-22T22:06:01.637+0000] {logging_mixin.py:188} WARNING - Fetching 5 files:   0%|          | 0/5 [00:00<?, ?it/s]
[2025-10-22T22:06:01.926+0000] {logging_mixin.py:188} WARNING - Fetching 5 files:  20%|##        | 1/5 [00:00<00:01,  3.48it/s]
[2025-10-22T22:06:09.986+0000] {logging_mixin.py:188} WARNING - Fetching 5 files:  40%|####      | 2/5 [00:08<00:14,  4.86s/it]
[2025-10-22T22:06:09.987+0000] {logging_mixin.py:188} WARNING - Fetching 5 files: 100%|##########| 5/5 [00:08<00:00,  1.67s/it]
[2025-10-22T22:06:10.211+0000] {embedder.py:25} INFO - Embedded /opt/***/data/chunks/c6720d71ee6e9f0034512b7fed99787027f23f70.parquet -> /opt/***/data/embeddings/c6720d71ee6e9f0034512b7fed99787027f23f70.parquet (1 rows)
[2025-10-22T22:06:10.219+0000] {python.py:237} INFO - Done. Returned value was: ['/opt/***/data/embeddings/c6720d71ee6e9f0034512b7fed99787027f23f70.parquet']
[2025-10-22T22:06:10.220+0000] {taskinstance.py:441} INFO - ::group::Post task execution logs
[2025-10-22T22:06:10.244+0000] {taskinstance.py:1206} INFO - Marking task as SUCCESS. dag_id=pdf_etl_local, task_id=embed, run_id=manual__2025-10-22T22:05:52+00:00, execution_date=20251022T220552, start_date=20251022T220601, end_date=20251022T220610
[2025-10-22T22:06:10.305+0000] {local_task_job_runner.py:240} INFO - Task exited with return code 0
[2025-10-22T22:06:10.333+0000] {taskinstance.py:3503} INFO - 1 downstream tasks scheduled from follow-on schedule check
[2025-10-22T22:06:10.335+0000] {local_task_job_runner.py:222} INFO - ::endgroup::
