[2025-10-23T04:47:47.761+0000] {local_task_job_runner.py:120} INFO - ::group::Pre task execution logs
[2025-10-23T04:47:47.853+0000] {taskinstance.py:2076} INFO - Dependencies all met for dep_context=non-requeueable deps ti=<TaskInstance: pdf_etl_local.download manual__2025-10-23T04:45:05+00:00 [queued]>
[2025-10-23T04:47:47.867+0000] {taskinstance.py:2076} INFO - Dependencies all met for dep_context=requeueable deps ti=<TaskInstance: pdf_etl_local.download manual__2025-10-23T04:45:05+00:00 [queued]>
[2025-10-23T04:47:47.867+0000] {taskinstance.py:2306} INFO - Starting attempt 1 of 1
[2025-10-23T04:47:47.888+0000] {taskinstance.py:2330} INFO - Executing <Task(PythonOperator): download> on 2025-10-23 04:45:05+00:00
[2025-10-23T04:47:47.902+0000] {standard_task_runner.py:90} INFO - Running: ['***', 'tasks', 'run', 'pdf_etl_local', 'download', 'manual__2025-10-23T04:45:05+00:00', '--job-id', '66', '--raw', '--subdir', 'DAGS_FOLDER/pdf_etl_dag.py', '--cfg-path', '/tmp/tmpc39jnkl7']
[2025-10-23T04:47:47.906+0000] {standard_task_runner.py:91} INFO - Job 66: Subtask download
[2025-10-23T04:47:47.908+0000] {logging_mixin.py:188} WARNING - /home/***/.local/lib/python3.12/site-packages/***/task/task_runner/standard_task_runner.py:61 DeprecationWarning: This process (pid=263) is multi-threaded, use of fork() may lead to deadlocks in the child.
[2025-10-23T04:47:47.909+0000] {standard_task_runner.py:63} INFO - Started process 268 to run task
[2025-10-23T04:47:47.982+0000] {task_command.py:426} INFO - Running <TaskInstance: pdf_etl_local.download manual__2025-10-23T04:45:05+00:00 [running]> on host a1a3ce134b05
[2025-10-23T04:47:48.113+0000] {taskinstance.py:2648} INFO - Exporting env vars: AIRFLOW_CTX_DAG_OWNER='local' AIRFLOW_CTX_DAG_ID='pdf_etl_local' AIRFLOW_CTX_TASK_ID='download' AIRFLOW_CTX_EXECUTION_DATE='2025-10-23T04:45:05+00:00' AIRFLOW_CTX_TRY_NUMBER='1' AIRFLOW_CTX_DAG_RUN_ID='manual__2025-10-23T04:45:05+00:00'
[2025-10-23T04:47:48.114+0000] {taskinstance.py:430} INFO - ::endgroup::
[2025-10-23T04:47:48.158+0000] {downloader.py:20} INFO - Exists, skipping: /opt/***/data/raw/36356063541a576483e295cfb35120d8a97ac612.pdf
[2025-10-23T04:47:48.159+0000] {downloader.py:20} INFO - Exists, skipping: /opt/***/data/raw/acad837e1ac979654de2497e802276d21e57e82c.pdf
[2025-10-23T04:47:48.159+0000] {python.py:237} INFO - Done. Returned value was: ['/opt/***/data/raw/36356063541a576483e295cfb35120d8a97ac612.pdf', '/opt/***/data/raw/acad837e1ac979654de2497e802276d21e57e82c.pdf']
[2025-10-23T04:47:48.160+0000] {taskinstance.py:441} INFO - ::group::Post task execution logs
[2025-10-23T04:47:48.191+0000] {taskinstance.py:1206} INFO - Marking task as SUCCESS. dag_id=pdf_etl_local, task_id=download, run_id=manual__2025-10-23T04:45:05+00:00, execution_date=20251023T044505, start_date=20251023T044747, end_date=20251023T044748
[2025-10-23T04:47:48.245+0000] {local_task_job_runner.py:240} INFO - Task exited with return code 0
[2025-10-23T04:47:48.279+0000] {taskinstance.py:3503} INFO - 0 downstream tasks scheduled from follow-on schedule check
[2025-10-23T04:47:48.280+0000] {local_task_job_runner.py:222} INFO - ::endgroup::
