[2025-10-23T05:36:36.187+0000] {local_task_job_runner.py:120} INFO - ::group::Pre task execution logs
[2025-10-23T05:36:36.226+0000] {taskinstance.py:2076} INFO - Dependencies all met for dep_context=non-requeueable deps ti=<TaskInstance: pdf_etl_local.download manual__2025-10-23T05:36:32+00:00 [queued]>
[2025-10-23T05:36:36.235+0000] {taskinstance.py:2076} INFO - Dependencies all met for dep_context=requeueable deps ti=<TaskInstance: pdf_etl_local.download manual__2025-10-23T05:36:32+00:00 [queued]>
[2025-10-23T05:36:36.235+0000] {taskinstance.py:2306} INFO - Starting attempt 1 of 1
[2025-10-23T05:36:36.251+0000] {taskinstance.py:2330} INFO - Executing <Task(PythonOperator): download> on 2025-10-23 05:36:32+00:00
[2025-10-23T05:36:36.262+0000] {standard_task_runner.py:90} INFO - Running: ['***', 'tasks', 'run', 'pdf_etl_local', 'download', 'manual__2025-10-23T05:36:32+00:00', '--job-id', '81', '--raw', '--subdir', 'DAGS_FOLDER/pdf_etl_dag.py', '--cfg-path', '/tmp/tmpwu54534o']
[2025-10-23T05:36:36.265+0000] {standard_task_runner.py:91} INFO - Job 81: Subtask download
[2025-10-23T05:36:36.266+0000] {logging_mixin.py:188} WARNING - /home/***/.local/lib/python3.12/site-packages/***/task/task_runner/standard_task_runner.py:61 DeprecationWarning: This process (pid=432) is multi-threaded, use of fork() may lead to deadlocks in the child.
[2025-10-23T05:36:36.267+0000] {standard_task_runner.py:63} INFO - Started process 434 to run task
[2025-10-23T05:36:36.317+0000] {task_command.py:426} INFO - Running <TaskInstance: pdf_etl_local.download manual__2025-10-23T05:36:32+00:00 [running]> on host 5f3dcc3f547e
[2025-10-23T05:36:36.434+0000] {taskinstance.py:2648} INFO - Exporting env vars: AIRFLOW_CTX_DAG_OWNER='local' AIRFLOW_CTX_DAG_ID='pdf_etl_local' AIRFLOW_CTX_TASK_ID='download' AIRFLOW_CTX_EXECUTION_DATE='2025-10-23T05:36:32+00:00' AIRFLOW_CTX_TRY_NUMBER='1' AIRFLOW_CTX_DAG_RUN_ID='manual__2025-10-23T05:36:32+00:00'
[2025-10-23T05:36:36.435+0000] {taskinstance.py:430} INFO - ::endgroup::
[2025-10-23T05:36:36.478+0000] {downloader.py:35} INFO - Exists, skipping: /opt/***/data/raw/36356063541a576483e295cfb35120d8a97ac612.pdf
[2025-10-23T05:36:36.479+0000] {downloader.py:35} INFO - Exists, skipping: /opt/***/data/raw/acad837e1ac979654de2497e802276d21e57e82c.pdf
[2025-10-23T05:36:36.488+0000] {downloader.py:86} INFO - Copied local PDF: /opt/***/local_library/Freud 07 - Fragmento de Analisis de un Cas - Unknown.pdf -> /opt/***/data/raw/0ea33633ce5afcf7b8bdd0bab2cc9c5d02ec5f56.pdf
[2025-10-23T05:36:36.489+0000] {python.py:237} INFO - Done. Returned value was: ['/opt/***/data/raw/36356063541a576483e295cfb35120d8a97ac612.pdf', '/opt/***/data/raw/acad837e1ac979654de2497e802276d21e57e82c.pdf', '/opt/***/data/raw/0ea33633ce5afcf7b8bdd0bab2cc9c5d02ec5f56.pdf']
[2025-10-23T05:36:36.489+0000] {taskinstance.py:441} INFO - ::group::Post task execution logs
[2025-10-23T05:36:36.517+0000] {taskinstance.py:1206} INFO - Marking task as SUCCESS. dag_id=pdf_etl_local, task_id=download, run_id=manual__2025-10-23T05:36:32+00:00, execution_date=20251023T053632, start_date=20251023T053636, end_date=20251023T053636
[2025-10-23T05:36:36.560+0000] {local_task_job_runner.py:240} INFO - Task exited with return code 0
[2025-10-23T05:36:36.593+0000] {taskinstance.py:3503} INFO - 1 downstream tasks scheduled from follow-on schedule check
[2025-10-23T05:36:36.594+0000] {local_task_job_runner.py:222} INFO - ::endgroup::
