[2025-10-23T04:49:33.083+0000] {local_task_job_runner.py:120} INFO - ::group::Pre task execution logs
[2025-10-23T04:49:33.128+0000] {taskinstance.py:2076} INFO - Dependencies all met for dep_context=non-requeueable deps ti=<TaskInstance: pdf_etl_local.download manual__2025-10-23T04:49:19+00:00 [queued]>
[2025-10-23T04:49:33.138+0000] {taskinstance.py:2076} INFO - Dependencies all met for dep_context=requeueable deps ti=<TaskInstance: pdf_etl_local.download manual__2025-10-23T04:49:19+00:00 [queued]>
[2025-10-23T04:49:33.139+0000] {taskinstance.py:2306} INFO - Starting attempt 1 of 1
[2025-10-23T04:49:33.155+0000] {taskinstance.py:2330} INFO - Executing <Task(PythonOperator): download> on 2025-10-23 04:49:19+00:00
[2025-10-23T04:49:33.171+0000] {standard_task_runner.py:90} INFO - Running: ['***', 'tasks', 'run', 'pdf_etl_local', 'download', 'manual__2025-10-23T04:49:19+00:00', '--job-id', '71', '--raw', '--subdir', 'DAGS_FOLDER/pdf_etl_dag.py', '--cfg-path', '/tmp/tmpzvtmp3sq']
[2025-10-23T04:49:33.174+0000] {standard_task_runner.py:91} INFO - Job 71: Subtask download
[2025-10-23T04:49:33.175+0000] {logging_mixin.py:188} WARNING - /home/***/.local/lib/python3.12/site-packages/***/task/task_runner/standard_task_runner.py:61 DeprecationWarning: This process (pid=245) is multi-threaded, use of fork() may lead to deadlocks in the child.
[2025-10-23T04:49:33.176+0000] {standard_task_runner.py:63} INFO - Started process 248 to run task
[2025-10-23T04:49:33.269+0000] {task_command.py:426} INFO - Running <TaskInstance: pdf_etl_local.download manual__2025-10-23T04:49:19+00:00 [running]> on host a1a3ce134b05
[2025-10-23T04:49:33.428+0000] {taskinstance.py:2648} INFO - Exporting env vars: AIRFLOW_CTX_DAG_OWNER='local' AIRFLOW_CTX_DAG_ID='pdf_etl_local' AIRFLOW_CTX_TASK_ID='download' AIRFLOW_CTX_EXECUTION_DATE='2025-10-23T04:49:19+00:00' AIRFLOW_CTX_TRY_NUMBER='1' AIRFLOW_CTX_DAG_RUN_ID='manual__2025-10-23T04:49:19+00:00'
[2025-10-23T04:49:33.430+0000] {taskinstance.py:430} INFO - ::endgroup::
[2025-10-23T04:49:33.466+0000] {downloader.py:20} INFO - Exists, skipping: /opt/***/data/raw/36356063541a576483e295cfb35120d8a97ac612.pdf
[2025-10-23T04:49:33.467+0000] {downloader.py:20} INFO - Exists, skipping: /opt/***/data/raw/acad837e1ac979654de2497e802276d21e57e82c.pdf
[2025-10-23T04:49:33.467+0000] {python.py:237} INFO - Done. Returned value was: ['/opt/***/data/raw/36356063541a576483e295cfb35120d8a97ac612.pdf', '/opt/***/data/raw/acad837e1ac979654de2497e802276d21e57e82c.pdf']
[2025-10-23T04:49:33.467+0000] {taskinstance.py:441} INFO - ::group::Post task execution logs
[2025-10-23T04:49:33.499+0000] {taskinstance.py:1206} INFO - Marking task as SUCCESS. dag_id=pdf_etl_local, task_id=download, run_id=manual__2025-10-23T04:49:19+00:00, execution_date=20251023T044919, start_date=20251023T044933, end_date=20251023T044933
[2025-10-23T04:49:33.553+0000] {local_task_job_runner.py:240} INFO - Task exited with return code 0
[2025-10-23T04:49:33.596+0000] {taskinstance.py:3503} INFO - 1 downstream tasks scheduled from follow-on schedule check
[2025-10-23T04:49:33.598+0000] {local_task_job_runner.py:222} INFO - ::endgroup::
