[2025-10-23T04:50:55.102+0000] {executor_loader.py:235} INFO - Loaded executor: LocalExecutor
[2025-10-23T04:50:55.526+0000] {logging_mixin.py:188} INFO - Sending to executor.
[2025-10-23T04:50:55.529+0000] {base_executor.py:149} INFO - Adding to queue: ['***', 'tasks', 'run', 'pdf_etl_local', 'load_qdrant', 'manual__2025-10-23T04:49:19+00:00', '--ignore-all-dependencies', '--local', '--pool', 'default_pool', '--subdir', 'DAGS_FOLDER/pdf_etl_dag.py']
[2025-10-23T04:50:55.533+0000] {local_executor.py:403} INFO - Shutting down LocalExecutor; waiting for running tasks to finish.  Signal again if you don't want to wait.
[2025-10-23T04:50:55.533+0000] {local_executor.py:90} INFO - QueuedLocalWorker running ['***', 'tasks', 'run', 'pdf_etl_local', 'load_qdrant', 'manual__2025-10-23T04:49:19+00:00', '--ignore-all-dependencies', '--local', '--pool', 'default_pool', '--subdir', 'DAGS_FOLDER/pdf_etl_dag.py']
[2025-10-23T04:50:55.557+0000] {logging_mixin.py:188} WARNING - /home/***/.local/lib/python3.12/site-packages/***/executors/local_executor.py:110 DeprecationWarning: This process (pid=420) is multi-threaded, use of fork() may lead to deadlocks in the child.
[2025-10-23T04:50:55.574+0000] {dagbag.py:545} INFO - Filling up the DagBag from /opt/***/dags/pdf_etl_dag.py
[2025-10-23T04:50:55.670+0000] {task_command.py:426} INFO - Running <TaskInstance: pdf_etl_local.load_qdrant manual__2025-10-23T04:49:19+00:00 [success]> on host a1a3ce134b05
[2025-10-23T04:50:55.739+0000] {local_task_job_runner.py:120} INFO - ::group::Pre task execution logs
[2025-10-23T04:50:55.774+0000] {taskinstance.py:2076} INFO - Dependencies all met for dep_context=non-requeueable deps ti=<TaskInstance: pdf_etl_local.load_qdrant manual__2025-10-23T04:49:19+00:00 [success]>
[2025-10-23T04:50:55.774+0000] {taskinstance.py:2076} INFO - Dependencies all met for dep_context=requeueable deps ti=<TaskInstance: pdf_etl_local.load_qdrant manual__2025-10-23T04:49:19+00:00 [success]>
[2025-10-23T04:50:55.774+0000] {taskinstance.py:2306} INFO - Starting attempt 2 of 1
[2025-10-23T04:50:55.789+0000] {taskinstance.py:2330} INFO - Executing <Task(PythonOperator): load_qdrant> on 2025-10-23 04:49:19+00:00
[2025-10-23T04:50:55.800+0000] {standard_task_runner.py:90} INFO - Running: ['***', 'tasks', 'run', 'pdf_etl_local', 'load_qdrant', 'manual__2025-10-23T04:49:19+00:00', '--job-id', '75', '--pool', 'default_pool', '--raw', '--subdir', 'DAGS_FOLDER/pdf_etl_dag.py', '--cfg-path', '/tmp/tmpi9un698c']
[2025-10-23T04:50:55.802+0000] {standard_task_runner.py:91} INFO - Job 75: Subtask load_qdrant
[2025-10-23T04:50:55.804+0000] {logging_mixin.py:188} WARNING - /home/***/.local/lib/python3.12/site-packages/***/task/task_runner/standard_task_runner.py:61 DeprecationWarning: This process (pid=561) is multi-threaded, use of fork() may lead to deadlocks in the child.
[2025-10-23T04:50:55.805+0000] {standard_task_runner.py:63} INFO - Started process 612 to run task
[2025-10-23T04:50:55.856+0000] {task_command.py:426} INFO - Running <TaskInstance: pdf_etl_local.load_qdrant manual__2025-10-23T04:49:19+00:00 [running]> on host a1a3ce134b05
[2025-10-23T04:50:55.964+0000] {taskinstance.py:2648} INFO - Exporting env vars: AIRFLOW_CTX_DAG_OWNER='local' AIRFLOW_CTX_DAG_ID='pdf_etl_local' AIRFLOW_CTX_TASK_ID='load_qdrant' AIRFLOW_CTX_EXECUTION_DATE='2025-10-23T04:49:19+00:00' AIRFLOW_CTX_TRY_NUMBER='2' AIRFLOW_CTX_DAG_RUN_ID='manual__2025-10-23T04:49:19+00:00'
[2025-10-23T04:50:55.965+0000] {taskinstance.py:430} INFO - ::endgroup::
[2025-10-23T04:50:56.168+0000] {loader_qdrant.py:55} INFO - Upserted total points: 170
[2025-10-23T04:50:56.168+0000] {python.py:237} INFO - Done. Returned value was: 170
[2025-10-23T04:50:56.169+0000] {taskinstance.py:441} INFO - ::group::Post task execution logs
[2025-10-23T04:50:56.201+0000] {taskinstance.py:1206} INFO - Marking task as SUCCESS. dag_id=pdf_etl_local, task_id=load_qdrant, run_id=manual__2025-10-23T04:49:19+00:00, execution_date=20251023T044919, start_date=20251023T045055, end_date=20251023T045056
[2025-10-23T04:50:56.259+0000] {local_task_job_runner.py:240} INFO - Task exited with return code 0
[2025-10-23T04:50:56.286+0000] {taskinstance.py:3503} INFO - 0 downstream tasks scheduled from follow-on schedule check
[2025-10-23T04:50:56.288+0000] {local_task_job_runner.py:222} INFO - ::endgroup::
