[2025-10-23T15:14:14.796+0000] {local_task_job_runner.py:120} INFO - ::group::Pre task execution logs
[2025-10-23T15:14:14.839+0000] {taskinstance.py:2076} INFO - Dependencies all met for dep_context=non-requeueable deps ti=<TaskInstance: pdf_etl_local.chunk manual__2025-10-23T15:13:15+00:00 [queued]>
[2025-10-23T15:14:14.850+0000] {taskinstance.py:2076} INFO - Dependencies all met for dep_context=requeueable deps ti=<TaskInstance: pdf_etl_local.chunk manual__2025-10-23T15:13:15+00:00 [queued]>
[2025-10-23T15:14:14.851+0000] {taskinstance.py:2306} INFO - Starting attempt 1 of 1
[2025-10-23T15:14:14.868+0000] {taskinstance.py:2330} INFO - Executing <Task(PythonOperator): chunk> on 2025-10-23 15:13:15+00:00
[2025-10-23T15:14:14.883+0000] {standard_task_runner.py:90} INFO - Running: ['***', 'tasks', 'run', 'pdf_etl_local', 'chunk', 'manual__2025-10-23T15:13:15+00:00', '--job-id', '87', '--raw', '--subdir', 'DAGS_FOLDER/pdf_etl_dag.py', '--cfg-path', '/tmp/tmpqtcorutw']
[2025-10-23T15:14:14.885+0000] {standard_task_runner.py:91} INFO - Job 87: Subtask chunk
[2025-10-23T15:14:14.886+0000] {logging_mixin.py:188} WARNING - /home/***/.local/lib/python3.12/site-packages/***/task/task_runner/standard_task_runner.py:61 DeprecationWarning: This process (pid=274) is multi-threaded, use of fork() may lead to deadlocks in the child.
[2025-10-23T15:14:14.887+0000] {standard_task_runner.py:63} INFO - Started process 276 to run task
[2025-10-23T15:14:14.944+0000] {task_command.py:426} INFO - Running <TaskInstance: pdf_etl_local.chunk manual__2025-10-23T15:13:15+00:00 [running]> on host e709f7fd4db6
[2025-10-23T15:14:15.091+0000] {taskinstance.py:2648} INFO - Exporting env vars: AIRFLOW_CTX_DAG_OWNER='local' AIRFLOW_CTX_DAG_ID='pdf_etl_local' AIRFLOW_CTX_TASK_ID='chunk' AIRFLOW_CTX_EXECUTION_DATE='2025-10-23T15:13:15+00:00' AIRFLOW_CTX_TRY_NUMBER='1' AIRFLOW_CTX_DAG_RUN_ID='manual__2025-10-23T15:13:15+00:00'
[2025-10-23T15:14:15.092+0000] {taskinstance.py:430} INFO - ::endgroup::
[2025-10-23T15:14:15.132+0000] {chunker.py:48} INFO - Chunks exist, skipping: /opt/***/data/chunks/36356063541a576483e295cfb35120d8a97ac612.parquet
[2025-10-23T15:14:15.133+0000] {chunker.py:48} INFO - Chunks exist, skipping: /opt/***/data/chunks/acad837e1ac979654de2497e802276d21e57e82c.parquet
[2025-10-23T15:14:15.133+0000] {chunker.py:48} INFO - Chunks exist, skipping: /opt/***/data/chunks/0ea33633ce5afcf7b8bdd0bab2cc9c5d02ec5f56.parquet
[2025-10-23T15:14:52.450+0000] {chunker.py:80} INFO - Chunked /opt/***/data/raw/40268da701fce6511cd8145bd0abec68734c19b2.pdf -> /opt/***/data/chunks/40268da701fce6511cd8145bd0abec68734c19b2.parquet (650 chunks)
[2025-10-23T15:14:52.451+0000] {python.py:237} INFO - Done. Returned value was: ['/opt/***/data/chunks/36356063541a576483e295cfb35120d8a97ac612.parquet', '/opt/***/data/chunks/acad837e1ac979654de2497e802276d21e57e82c.parquet', '/opt/***/data/chunks/0ea33633ce5afcf7b8bdd0bab2cc9c5d02ec5f56.parquet', '/opt/***/data/chunks/40268da701fce6511cd8145bd0abec68734c19b2.parquet']
[2025-10-23T15:14:52.451+0000] {taskinstance.py:441} INFO - ::group::Post task execution logs
[2025-10-23T15:14:52.478+0000] {taskinstance.py:1206} INFO - Marking task as SUCCESS. dag_id=pdf_etl_local, task_id=chunk, run_id=manual__2025-10-23T15:13:15+00:00, execution_date=20251023T151315, start_date=20251023T151414, end_date=20251023T151452
[2025-10-23T15:14:52.541+0000] {local_task_job_runner.py:240} INFO - Task exited with return code 0
[2025-10-23T15:14:52.591+0000] {taskinstance.py:3503} INFO - 1 downstream tasks scheduled from follow-on schedule check
[2025-10-23T15:14:52.593+0000] {local_task_job_runner.py:222} INFO - ::endgroup::
