[2025-10-23T15:14:11.359+0000] {local_task_job_runner.py:120} INFO - ::group::Pre task execution logs
[2025-10-23T15:14:11.398+0000] {taskinstance.py:2076} INFO - Dependencies all met for dep_context=non-requeueable deps ti=<TaskInstance: pdf_etl_local.download manual__2025-10-23T15:13:15+00:00 [queued]>
[2025-10-23T15:14:11.409+0000] {taskinstance.py:2076} INFO - Dependencies all met for dep_context=requeueable deps ti=<TaskInstance: pdf_etl_local.download manual__2025-10-23T15:13:15+00:00 [queued]>
[2025-10-23T15:14:11.410+0000] {taskinstance.py:2306} INFO - Starting attempt 1 of 1
[2025-10-23T15:14:11.427+0000] {taskinstance.py:2330} INFO - Executing <Task(PythonOperator): download> on 2025-10-23 15:13:15+00:00
[2025-10-23T15:14:11.440+0000] {standard_task_runner.py:90} INFO - Running: ['***', 'tasks', 'run', 'pdf_etl_local', 'download', 'manual__2025-10-23T15:13:15+00:00', '--job-id', '86', '--raw', '--subdir', 'DAGS_FOLDER/pdf_etl_dag.py', '--cfg-path', '/tmp/tmphmnk3ldr']
[2025-10-23T15:14:11.444+0000] {standard_task_runner.py:91} INFO - Job 86: Subtask download
[2025-10-23T15:14:11.445+0000] {logging_mixin.py:188} WARNING - /home/***/.local/lib/python3.12/site-packages/***/task/task_runner/standard_task_runner.py:61 DeprecationWarning: This process (pid=268) is multi-threaded, use of fork() may lead to deadlocks in the child.
[2025-10-23T15:14:11.446+0000] {standard_task_runner.py:63} INFO - Started process 271 to run task
[2025-10-23T15:14:11.506+0000] {task_command.py:426} INFO - Running <TaskInstance: pdf_etl_local.download manual__2025-10-23T15:13:15+00:00 [running]> on host e709f7fd4db6
[2025-10-23T15:14:11.641+0000] {taskinstance.py:2648} INFO - Exporting env vars: AIRFLOW_CTX_DAG_OWNER='local' AIRFLOW_CTX_DAG_ID='pdf_etl_local' AIRFLOW_CTX_TASK_ID='download' AIRFLOW_CTX_EXECUTION_DATE='2025-10-23T15:13:15+00:00' AIRFLOW_CTX_TRY_NUMBER='1' AIRFLOW_CTX_DAG_RUN_ID='manual__2025-10-23T15:13:15+00:00'
[2025-10-23T15:14:11.642+0000] {taskinstance.py:430} INFO - ::endgroup::
[2025-10-23T15:14:11.689+0000] {downloader.py:35} INFO - Exists, skipping: /opt/***/data/raw/36356063541a576483e295cfb35120d8a97ac612.pdf
[2025-10-23T15:14:11.690+0000] {downloader.py:35} INFO - Exists, skipping: /opt/***/data/raw/acad837e1ac979654de2497e802276d21e57e82c.pdf
[2025-10-23T15:14:11.692+0000] {downloader.py:82} INFO - Exists, skipping local: /opt/***/data/raw/0ea33633ce5afcf7b8bdd0bab2cc9c5d02ec5f56.pdf
[2025-10-23T15:14:11.701+0000] {downloader.py:86} INFO - Copied local PDF: /opt/***/local_library/The Posthuman Condition - Robert Pepperell.pdf -> /opt/***/data/raw/40268da701fce6511cd8145bd0abec68734c19b2.pdf
[2025-10-23T15:14:11.701+0000] {python.py:237} INFO - Done. Returned value was: ['/opt/***/data/raw/36356063541a576483e295cfb35120d8a97ac612.pdf', '/opt/***/data/raw/acad837e1ac979654de2497e802276d21e57e82c.pdf', '/opt/***/data/raw/0ea33633ce5afcf7b8bdd0bab2cc9c5d02ec5f56.pdf', '/opt/***/data/raw/40268da701fce6511cd8145bd0abec68734c19b2.pdf']
[2025-10-23T15:14:11.701+0000] {taskinstance.py:441} INFO - ::group::Post task execution logs
[2025-10-23T15:14:11.736+0000] {taskinstance.py:1206} INFO - Marking task as SUCCESS. dag_id=pdf_etl_local, task_id=download, run_id=manual__2025-10-23T15:13:15+00:00, execution_date=20251023T151315, start_date=20251023T151411, end_date=20251023T151411
[2025-10-23T15:14:11.780+0000] {local_task_job_runner.py:240} INFO - Task exited with return code 0
[2025-10-23T15:14:11.815+0000] {taskinstance.py:3503} INFO - 1 downstream tasks scheduled from follow-on schedule check
[2025-10-23T15:14:11.816+0000] {local_task_job_runner.py:222} INFO - ::endgroup::
