[2025-10-23T05:37:07.687+0000] {local_task_job_runner.py:120} INFO - ::group::Pre task execution logs
[2025-10-23T05:37:07.732+0000] {taskinstance.py:2076} INFO - Dependencies all met for dep_context=non-requeueable deps ti=<TaskInstance: pdf_etl_local.embed manual__2025-10-23T05:36:32+00:00 [queued]>
[2025-10-23T05:37:07.740+0000] {taskinstance.py:2076} INFO - Dependencies all met for dep_context=requeueable deps ti=<TaskInstance: pdf_etl_local.embed manual__2025-10-23T05:36:32+00:00 [queued]>
[2025-10-23T05:37:07.741+0000] {taskinstance.py:2306} INFO - Starting attempt 1 of 1
[2025-10-23T05:37:07.755+0000] {taskinstance.py:2330} INFO - Executing <Task(PythonOperator): embed> on 2025-10-23 05:36:32+00:00
[2025-10-23T05:37:07.767+0000] {standard_task_runner.py:90} INFO - Running: ['***', 'tasks', 'run', 'pdf_etl_local', 'embed', 'manual__2025-10-23T05:36:32+00:00', '--job-id', '83', '--raw', '--subdir', 'DAGS_FOLDER/pdf_etl_dag.py', '--cfg-path', '/tmp/tmpkawikxrp']
[2025-10-23T05:37:07.770+0000] {standard_task_runner.py:91} INFO - Job 83: Subtask embed
[2025-10-23T05:37:07.771+0000] {logging_mixin.py:188} WARNING - /home/***/.local/lib/python3.12/site-packages/***/task/task_runner/standard_task_runner.py:61 DeprecationWarning: This process (pid=500) is multi-threaded, use of fork() may lead to deadlocks in the child.
[2025-10-23T05:37:07.772+0000] {standard_task_runner.py:63} INFO - Started process 502 to run task
[2025-10-23T05:37:07.828+0000] {task_command.py:426} INFO - Running <TaskInstance: pdf_etl_local.embed manual__2025-10-23T05:36:32+00:00 [running]> on host 5f3dcc3f547e
[2025-10-23T05:37:07.951+0000] {taskinstance.py:2648} INFO - Exporting env vars: AIRFLOW_CTX_DAG_OWNER='local' AIRFLOW_CTX_DAG_ID='pdf_etl_local' AIRFLOW_CTX_TASK_ID='embed' AIRFLOW_CTX_EXECUTION_DATE='2025-10-23T05:36:32+00:00' AIRFLOW_CTX_TRY_NUMBER='1' AIRFLOW_CTX_DAG_RUN_ID='manual__2025-10-23T05:36:32+00:00'
[2025-10-23T05:37:07.952+0000] {taskinstance.py:430} INFO - ::endgroup::
[2025-10-23T05:37:08.323+0000] {logging_mixin.py:188} WARNING - Fetching 5 files:   0%|          | 0/5 [00:00<?, ?it/s]
[2025-10-23T05:37:08.586+0000] {logging_mixin.py:188} WARNING - Fetching 5 files:  20%|##        | 1/5 [00:00<00:01,  3.81it/s]
[2025-10-23T05:37:15.733+0000] {logging_mixin.py:188} WARNING - Fetching 5 files:  40%|####      | 2/5 [00:07<00:12,  4.31s/it]
[2025-10-23T05:37:15.733+0000] {logging_mixin.py:188} WARNING - Fetching 5 files: 100%|##########| 5/5 [00:07<00:00,  1.48s/it]
[2025-10-23T05:37:47.846+0000] {embedder.py:25} INFO - Embedded /opt/***/data/chunks/36356063541a576483e295cfb35120d8a97ac612.parquet -> /opt/***/data/embeddings/36356063541a576483e295cfb35120d8a97ac612.parquet (117 rows)
[2025-10-23T05:37:48.215+0000] {logging_mixin.py:188} WARNING - Fetching 5 files:   0%|          | 0/5 [00:00<?, ?it/s]
[2025-10-23T05:37:48.217+0000] {logging_mixin.py:188} WARNING - Fetching 5 files: 100%|##########| 5/5 [00:00<00:00, 7576.42it/s]
[2025-10-23T05:37:58.914+0000] {embedder.py:25} INFO - Embedded /opt/***/data/chunks/acad837e1ac979654de2497e802276d21e57e82c.parquet -> /opt/***/data/embeddings/acad837e1ac979654de2497e802276d21e57e82c.parquet (53 rows)
[2025-10-23T05:37:59.155+0000] {logging_mixin.py:188} WARNING - Fetching 5 files:   0%|          | 0/5 [00:00<?, ?it/s]
[2025-10-23T05:37:59.156+0000] {logging_mixin.py:188} WARNING - Fetching 5 files: 100%|##########| 5/5 [00:00<00:00, 6955.73it/s]
[2025-10-23T05:41:09.630+0000] {embedder.py:25} INFO - Embedded /opt/***/data/chunks/0ea33633ce5afcf7b8bdd0bab2cc9c5d02ec5f56.parquet -> /opt/***/data/embeddings/0ea33633ce5afcf7b8bdd0bab2cc9c5d02ec5f56.parquet (991 rows)
[2025-10-23T05:41:09.782+0000] {python.py:237} INFO - Done. Returned value was: ['/opt/***/data/embeddings/36356063541a576483e295cfb35120d8a97ac612.parquet', '/opt/***/data/embeddings/acad837e1ac979654de2497e802276d21e57e82c.parquet', '/opt/***/data/embeddings/0ea33633ce5afcf7b8bdd0bab2cc9c5d02ec5f56.parquet']
[2025-10-23T05:41:09.784+0000] {taskinstance.py:441} INFO - ::group::Post task execution logs
[2025-10-23T05:41:09.841+0000] {taskinstance.py:1206} INFO - Marking task as SUCCESS. dag_id=pdf_etl_local, task_id=embed, run_id=manual__2025-10-23T05:36:32+00:00, execution_date=20251023T053632, start_date=20251023T053707, end_date=20251023T054109
[2025-10-23T05:41:09.914+0000] {local_task_job_runner.py:240} INFO - Task exited with return code 0
[2025-10-23T05:41:09.962+0000] {taskinstance.py:3503} INFO - 1 downstream tasks scheduled from follow-on schedule check
[2025-10-23T05:41:09.963+0000] {local_task_job_runner.py:222} INFO - ::endgroup::
